-------------------------------------------------------------------------------
Test set: org.jpmml.lightgbm.PandasDummiesTest
-------------------------------------------------------------------------------
Tests run: 2, Failures: 0, Errors: 2, Skipped: 0, Time elapsed: 1.398 s <<< FAILURE! - in org.jpmml.lightgbm.PandasDummiesTest
evaluateAuditBinNA(org.jpmml.lightgbm.PandasDummiesTest)  Time elapsed: 1.206 s  <<< ERROR!
java.lang.ExceptionInInitializerError
	at org.jpmml.evaluator.kryo.KryoUtil.register(KryoUtil.java:45)
	at org.jpmml.evaluator.testing.IntegrationTestBatch.validateEvaluator(IntegrationTestBatch.java:144)
	at org.jpmml.evaluator.testing.IntegrationTestBatch.getEvaluator(IntegrationTestBatch.java:92)
	at org.jpmml.evaluator.testing.BatchUtil.evaluate(BatchUtil.java:49)
	at org.jpmml.evaluator.testing.BatchTest.evaluate(BatchTest.java:29)
	at org.jpmml.evaluator.testing.IntegrationTest.evaluate(IntegrationTest.java:64)
	at org.jpmml.evaluator.testing.IntegrationTest.evaluate(IntegrationTest.java:42)
	at org.jpmml.lightgbm.PandasDummiesTest.evaluateAuditBinNA(PandasDummiesTest.java:64)
	at java.base/jdk.internal.reflect.NativeMethodAccessorImpl.invoke0(Native Method)
	at java.base/jdk.internal.reflect.NativeMethodAccessorImpl.invoke(NativeMethodAccessorImpl.java:78)
	at java.base/jdk.internal.reflect.DelegatingMethodAccessorImpl.invoke(DelegatingMethodAccessorImpl.java:43)
	at java.base/java.lang.reflect.Method.invoke(Method.java:567)
	at org.junit.runners.model.FrameworkMethod$1.runReflectiveCall(FrameworkMethod.java:59)
	at org.junit.internal.runners.model.ReflectiveCallable.run(ReflectiveCallable.java:12)
	at org.junit.runners.model.FrameworkMethod.invokeExplosively(FrameworkMethod.java:56)
	at org.junit.internal.runners.statements.InvokeMethod.evaluate(InvokeMethod.java:17)
	at org.junit.runners.ParentRunner$3.evaluate(ParentRunner.java:306)
	at org.junit.runners.BlockJUnit4ClassRunner$1.evaluate(BlockJUnit4ClassRunner.java:100)
	at org.junit.runners.ParentRunner.runLeaf(ParentRunner.java:366)
	at org.junit.runners.BlockJUnit4ClassRunner.runChild(BlockJUnit4ClassRunner.java:103)
	at org.junit.runners.BlockJUnit4ClassRunner.runChild(BlockJUnit4ClassRunner.java:63)
	at org.junit.runners.ParentRunner$4.run(ParentRunner.java:331)
	at org.junit.runners.ParentRunner$1.schedule(ParentRunner.java:79)
	at org.junit.runners.ParentRunner.runChildren(ParentRunner.java:329)
	at org.junit.runners.ParentRunner.access$100(ParentRunner.java:66)
	at org.junit.runners.ParentRunner$2.evaluate(ParentRunner.java:293)
	at org.junit.runners.ParentRunner$3.evaluate(ParentRunner.java:306)
	at org.junit.runners.ParentRunner.run(ParentRunner.java:413)
	at org.apache.maven.surefire.junit4.JUnit4Provider.execute(JUnit4Provider.java:365)
	at org.apache.maven.surefire.junit4.JUnit4Provider.executeWithRerun(JUnit4Provider.java:273)
	at org.apache.maven.surefire.junit4.JUnit4Provider.executeTestSet(JUnit4Provider.java:238)
	at org.apache.maven.surefire.junit4.JUnit4Provider.invoke(JUnit4Provider.java:159)
	at org.apache.maven.surefire.booter.ForkedBooter.invokeProviderInSameClassLoader(ForkedBooter.java:384)
	at org.apache.maven.surefire.booter.ForkedBooter.runSuitesInProcess(ForkedBooter.java:345)
	at org.apache.maven.surefire.booter.ForkedBooter.execute(ForkedBooter.java:126)
	at org.apache.maven.surefire.booter.ForkedBooter.main(ForkedBooter.java:418)
Caused by: java.lang.RuntimeException: Could not access source collection field in java.util.Collections$UnmodifiableCollection.
	at de.javakaffee.kryoserializers.UnmodifiableCollectionsSerializer.<clinit>(UnmodifiableCollectionsSerializer.java:62)
	... 36 more
Caused by: java.lang.reflect.InaccessibleObjectException: Unable to make field final java.util.Collection java.util.Collections$UnmodifiableCollection.c accessible: module java.base does not "opens java.util" to unnamed module @5010be6
	at java.base/java.lang.reflect.AccessibleObject.checkCanSetAccessible(AccessibleObject.java:357)
	at java.base/java.lang.reflect.AccessibleObject.checkCanSetAccessible(AccessibleObject.java:297)
	at java.base/java.lang.reflect.Field.checkCanSetAccessible(Field.java:177)
	at java.base/java.lang.reflect.Field.setAccessible(Field.java:171)
	at de.javakaffee.kryoserializers.UnmodifiableCollectionsSerializer.<clinit>(UnmodifiableCollectionsSerializer.java:55)
	... 36 more

evaluateAuditBin(org.jpmml.lightgbm.PandasDummiesTest)  Time elapsed: 0.11 s  <<< ERROR!
java.lang.NoClassDefFoundError: Could not initialize class de.javakaffee.kryoserializers.UnmodifiableCollectionsSerializer
	at org.jpmml.evaluator.kryo.KryoUtil.register(KryoUtil.java:45)
	at org.jpmml.evaluator.testing.IntegrationTestBatch.validateEvaluator(IntegrationTestBatch.java:144)
	at org.jpmml.evaluator.testing.IntegrationTestBatch.getEvaluator(IntegrationTestBatch.java:92)
	at org.jpmml.evaluator.testing.BatchUtil.evaluate(BatchUtil.java:49)
	at org.jpmml.evaluator.testing.BatchTest.evaluate(BatchTest.java:29)
	at org.jpmml.evaluator.testing.IntegrationTest.evaluate(IntegrationTest.java:64)
	at org.jpmml.evaluator.testing.IntegrationTest.evaluate(IntegrationTest.java:42)
	at org.jpmml.lightgbm.PandasDummiesTest.evaluateAuditBin(PandasDummiesTest.java:59)
	at java.base/jdk.internal.reflect.NativeMethodAccessorImpl.invoke0(Native Method)
	at java.base/jdk.internal.reflect.NativeMethodAccessorImpl.invoke(NativeMethodAccessorImpl.java:78)
	at java.base/jdk.internal.reflect.DelegatingMethodAccessorImpl.invoke(DelegatingMethodAccessorImpl.java:43)
	at java.base/java.lang.reflect.Method.invoke(Method.java:567)
	at org.junit.runners.model.FrameworkMethod$1.runReflectiveCall(FrameworkMethod.java:59)
	at org.junit.internal.runners.model.ReflectiveCallable.run(ReflectiveCallable.java:12)
	at org.junit.runners.model.FrameworkMethod.invokeExplosively(FrameworkMethod.java:56)
	at org.junit.internal.runners.statements.InvokeMethod.evaluate(InvokeMethod.java:17)
	at org.junit.runners.ParentRunner$3.evaluate(ParentRunner.java:306)
	at org.junit.runners.BlockJUnit4ClassRunner$1.evaluate(BlockJUnit4ClassRunner.java:100)
	at org.junit.runners.ParentRunner.runLeaf(ParentRunner.java:366)
	at org.junit.runners.BlockJUnit4ClassRunner.runChild(BlockJUnit4ClassRunner.java:103)
	at org.junit.runners.BlockJUnit4ClassRunner.runChild(BlockJUnit4ClassRunner.java:63)
	at org.junit.runners.ParentRunner$4.run(ParentRunner.java:331)
	at org.junit.runners.ParentRunner$1.schedule(ParentRunner.java:79)
	at org.junit.runners.ParentRunner.runChildren(ParentRunner.java:329)
	at org.junit.runners.ParentRunner.access$100(ParentRunner.java:66)
	at org.junit.runners.ParentRunner$2.evaluate(ParentRunner.java:293)
	at org.junit.runners.ParentRunner$3.evaluate(ParentRunner.java:306)
	at org.junit.runners.ParentRunner.run(ParentRunner.java:413)
	at org.apache.maven.surefire.junit4.JUnit4Provider.execute(JUnit4Provider.java:365)
	at org.apache.maven.surefire.junit4.JUnit4Provider.executeWithRerun(JUnit4Provider.java:273)
	at org.apache.maven.surefire.junit4.JUnit4Provider.executeTestSet(JUnit4Provider.java:238)
	at org.apache.maven.surefire.junit4.JUnit4Provider.invoke(JUnit4Provider.java:159)
	at org.apache.maven.surefire.booter.ForkedBooter.invokeProviderInSameClassLoader(ForkedBooter.java:384)
	at org.apache.maven.surefire.booter.ForkedBooter.runSuitesInProcess(ForkedBooter.java:345)
	at org.apache.maven.surefire.booter.ForkedBooter.execute(ForkedBooter.java:126)
	at org.apache.maven.surefire.booter.ForkedBooter.main(ForkedBooter.java:418)

