<?xml version="1.0" encoding="UTF-8"?>
<testsuite xmlns:xsi="http://www.w3.org/2001/XMLSchema-instance" xsi:noNamespaceSchemaLocation="https://maven.apache.org/surefire/maven-surefire-plugin/xsd/surefire-test-report.xsd" name="org.jpmml.lightgbm.RegressionTest" time="1.099" tests="15" errors="15" skipped="0" failures="0">
  <properties>
[...]
</properties>
  <testcase name="evaluateHousing" classname="org.jpmml.lightgbm.RegressionTest" time="0.123">
    <error message="Could not initialize class de.javakaffee.kryoserializers.UnmodifiableCollectionsSerializer" type="java.lang.NoClassDefFoundError">java.lang.NoClassDefFoundError: Could not initialize class de.javakaffee.kryoserializers.UnmodifiableCollectionsSerializer
	at org.jpmml.evaluator.kryo.KryoUtil.register(KryoUtil.java:45)
	at org.jpmml.evaluator.testing.IntegrationTestBatch.validateEvaluator(IntegrationTestBatch.java:144)
	at org.jpmml.evaluator.testing.IntegrationTestBatch.getEvaluator(IntegrationTestBatch.java:92)
	at org.jpmml.evaluator.testing.BatchUtil.evaluate(BatchUtil.java:49)
	at org.jpmml.evaluator.testing.BatchTest.evaluate(BatchTest.java:29)
	at org.jpmml.evaluator.testing.IntegrationTest.evaluate(IntegrationTest.java:64)
	at org.jpmml.evaluator.testing.IntegrationTest.evaluate(IntegrationTest.java:42)
	at org.jpmml.lightgbm.RegressionTest.evaluateHousing(RegressionTest.java:119)
	at java.base/jdk.internal.reflect.NativeMethodAccessorImpl.invoke0(Native Method)
	at java.base/jdk.internal.reflect.NativeMethodAccessorImpl.invoke(NativeMethodAccessorImpl.java:78)
	at java.base/jdk.internal.reflect.DelegatingMethodAccessorImpl.invoke(DelegatingMethodAccessorImpl.java:43)
	at java.base/java.lang.reflect.Method.invoke(Method.java:567)
	at org.junit.runners.model.FrameworkMethod$1.runReflectiveCall(FrameworkMethod.java:59)
	at org.junit.internal.runners.model.ReflectiveCallable.run(ReflectiveCallable.java:12)
	at org.junit.runners.model.FrameworkMethod.invokeExplosively(FrameworkMethod.java:56)
	at org.junit.internal.runners.statements.InvokeMethod.evaluate(InvokeMethod.java:17)
	at org.junit.runners.ParentRunner$3.evaluate(ParentRunner.java:306)
	at org.junit.runners.BlockJUnit4ClassRunner$1.evaluate(BlockJUnit4ClassRunner.java:100)
	at org.junit.runners.ParentRunner.runLeaf(ParentRunner.java:366)
	at org.junit.runners.BlockJUnit4ClassRunner.runChild(BlockJUnit4ClassRunner.java:103)
	at org.junit.runners.BlockJUnit4ClassRunner.runChild(BlockJUnit4ClassRunner.java:63)
	at org.junit.runners.ParentRunner$4.run(ParentRunner.java:331)
	at org.junit.runners.ParentRunner$1.schedule(ParentRunner.java:79)
	at org.junit.runners.ParentRunner.runChildren(ParentRunner.java:329)
	at org.junit.runners.ParentRunner.access$100(ParentRunner.java:66)
	at org.junit.runners.ParentRunner$2.evaluate(ParentRunner.java:293)
	at org.junit.runners.ParentRunner$3.evaluate(ParentRunner.java:306)
	at org.junit.runners.ParentRunner.run(ParentRunner.java:413)
	at org.apache.maven.surefire.junit4.JUnit4Provider.execute(JUnit4Provider.java:365)
	at org.apache.maven.surefire.junit4.JUnit4Provider.executeWithRerun(JUnit4Provider.java:273)
	at org.apache.maven.surefire.junit4.JUnit4Provider.executeTestSet(JUnit4Provider.java:238)
	at org.apache.maven.surefire.junit4.JUnit4Provider.invoke(JUnit4Provider.java:159)
	at org.apache.maven.surefire.booter.ForkedBooter.invokeProviderInSameClassLoader(ForkedBooter.java:384)
	at org.apache.maven.surefire.booter.ForkedBooter.runSuitesInProcess(ForkedBooter.java:345)
	at org.apache.maven.surefire.booter.ForkedBooter.execute(ForkedBooter.java:126)
	at org.apache.maven.surefire.booter.ForkedBooter.main(ForkedBooter.java:418)
</error>
  </testcase>
  <testcase name="evaluateHousingNA" classname="org.jpmml.lightgbm.RegressionTest" time="0.067">
    <error message="Could not initialize class de.javakaffee.kryoserializers.UnmodifiableCollectionsSerializer" type="java.lang.NoClassDefFoundError">java.lang.NoClassDefFoundError: Could not initialize class de.javakaffee.kryoserializers.UnmodifiableCollectionsSerializer
	at org.jpmml.evaluator.kryo.KryoUtil.register(KryoUtil.java:45)
	at org.jpmml.evaluator.testing.IntegrationTestBatch.validateEvaluator(IntegrationTestBatch.java:144)
	at org.jpmml.evaluator.testing.IntegrationTestBatch.getEvaluator(IntegrationTestBatch.java:92)
	at org.jpmml.evaluator.testing.BatchUtil.evaluate(BatchUtil.java:49)
	at org.jpmml.evaluator.testing.BatchTest.evaluate(BatchTest.java:29)
	at org.jpmml.evaluator.testing.IntegrationTest.evaluate(IntegrationTest.java:64)
	at org.jpmml.evaluator.testing.IntegrationTest.evaluate(IntegrationTest.java:42)
	at org.jpmml.lightgbm.RegressionTest.evaluateHousingNA(RegressionTest.java:129)
	at java.base/jdk.internal.reflect.NativeMethodAccessorImpl.invoke0(Native Method)
	at java.base/jdk.internal.reflect.NativeMethodAccessorImpl.invoke(NativeMethodAccessorImpl.java:78)
	at java.base/jdk.internal.reflect.DelegatingMethodAccessorImpl.invoke(DelegatingMethodAccessorImpl.java:43)
	at java.base/java.lang.reflect.Method.invoke(Method.java:567)
	at org.junit.runners.model.FrameworkMethod$1.runReflectiveCall(FrameworkMethod.java:59)
	at org.junit.internal.runners.model.ReflectiveCallable.run(ReflectiveCallable.java:12)
	at org.junit.runners.model.FrameworkMethod.invokeExplosively(FrameworkMethod.java:56)
	at org.junit.internal.runners.statements.InvokeMethod.evaluate(InvokeMethod.java:17)
	at org.junit.runners.ParentRunner$3.evaluate(ParentRunner.java:306)
	at org.junit.runners.BlockJUnit4ClassRunner$1.evaluate(BlockJUnit4ClassRunner.java:100)
	at org.junit.runners.ParentRunner.runLeaf(ParentRunner.java:366)
	at org.junit.runners.BlockJUnit4ClassRunner.runChild(BlockJUnit4ClassRunner.java:103)
	at org.junit.runners.BlockJUnit4ClassRunner.runChild(BlockJUnit4ClassRunner.java:63)
	at org.junit.runners.ParentRunner$4.run(ParentRunner.java:331)
	at org.junit.runners.ParentRunner$1.schedule(ParentRunner.java:79)
	at org.junit.runners.ParentRunner.runChildren(ParentRunner.java:329)
	at org.junit.runners.ParentRunner.access$100(ParentRunner.java:66)
	at org.junit.runners.ParentRunner$2.evaluate(ParentRunner.java:293)
	at org.junit.runners.ParentRunner$3.evaluate(ParentRunner.java:306)
	at org.junit.runners.ParentRunner.run(ParentRunner.java:413)
	at org.apache.maven.surefire.junit4.JUnit4Provider.execute(JUnit4Provider.java:365)
	at org.apache.maven.surefire.junit4.JUnit4Provider.executeWithRerun(JUnit4Provider.java:273)
	at org.apache.maven.surefire.junit4.JUnit4Provider.executeTestSet(JUnit4Provider.java:238)
	at org.apache.maven.surefire.junit4.JUnit4Provider.invoke(JUnit4Provider.java:159)
	at org.apache.maven.surefire.booter.ForkedBooter.invokeProviderInSameClassLoader(ForkedBooter.java:384)
	at org.apache.maven.surefire.booter.ForkedBooter.runSuitesInProcess(ForkedBooter.java:345)
	at org.apache.maven.surefire.booter.ForkedBooter.execute(ForkedBooter.java:126)
	at org.apache.maven.surefire.booter.ForkedBooter.main(ForkedBooter.java:418)
</error>
  </testcase>
  <testcase name="evaluateAutoLimit" classname="org.jpmml.lightgbm.RegressionTest" time="0.127">
    <error message="Could not initialize class de.javakaffee.kryoserializers.UnmodifiableCollectionsSerializer" type="java.lang.NoClassDefFoundError">java.lang.NoClassDefFoundError: Could not initialize class de.javakaffee.kryoserializers.UnmodifiableCollectionsSerializer
	at org.jpmml.evaluator.kryo.KryoUtil.register(KryoUtil.java:45)
	at org.jpmml.evaluator.testing.IntegrationTestBatch.validateEvaluator(IntegrationTestBatch.java:144)
	at org.jpmml.evaluator.testing.IntegrationTestBatch.getEvaluator(IntegrationTestBatch.java:92)
	at org.jpmml.evaluator.testing.BatchUtil.evaluate(BatchUtil.java:49)
	at org.jpmml.evaluator.testing.BatchTest.evaluate(BatchTest.java:29)
	at org.jpmml.evaluator.testing.IntegrationTest.evaluate(IntegrationTest.java:64)
	at org.jpmml.evaluator.testing.IntegrationTest.evaluate(IntegrationTest.java:42)
	at org.jpmml.lightgbm.RegressionTest.evaluateAutoLimit(RegressionTest.java:99)
	at java.base/jdk.internal.reflect.NativeMethodAccessorImpl.invoke0(Native Method)
	at java.base/jdk.internal.reflect.NativeMethodAccessorImpl.invoke(NativeMethodAccessorImpl.java:78)
	at java.base/jdk.internal.reflect.DelegatingMethodAccessorImpl.invoke(DelegatingMethodAccessorImpl.java:43)
	at java.base/java.lang.reflect.Method.invoke(Method.java:567)
	at org.junit.runners.model.FrameworkMethod$1.runReflectiveCall(FrameworkMethod.java:59)
	at org.junit.internal.runners.model.ReflectiveCallable.run(ReflectiveCallable.java:12)
	at org.junit.runners.model.FrameworkMethod.invokeExplosively(FrameworkMethod.java:56)
	at org.junit.internal.runners.statements.InvokeMethod.evaluate(InvokeMethod.java:17)
	at org.junit.runners.ParentRunner$3.evaluate(ParentRunner.java:306)
	at org.junit.runners.BlockJUnit4ClassRunner$1.evaluate(BlockJUnit4ClassRunner.java:100)
	at org.junit.runners.ParentRunner.runLeaf(ParentRunner.java:366)
	at org.junit.runners.BlockJUnit4ClassRunner.runChild(BlockJUnit4ClassRunner.java:103)
	at org.junit.runners.BlockJUnit4ClassRunner.runChild(BlockJUnit4ClassRunner.java:63)
	at org.junit.runners.ParentRunner$4.run(ParentRunner.java:331)
	at org.junit.runners.ParentRunner$1.schedule(ParentRunner.java:79)
	at org.junit.runners.ParentRunner.runChildren(ParentRunner.java:329)
	at org.junit.runners.ParentRunner.access$100(ParentRunner.java:66)
	at org.junit.runners.ParentRunner$2.evaluate(ParentRunner.java:293)
	at org.junit.runners.ParentRunner$3.evaluate(ParentRunner.java:306)
	at org.junit.runners.ParentRunner.run(ParentRunner.java:413)
	at org.apache.maven.surefire.junit4.JUnit4Provider.execute(JUnit4Provider.java:365)
	at org.apache.maven.surefire.junit4.JUnit4Provider.executeWithRerun(JUnit4Provider.java:273)
	at org.apache.maven.surefire.junit4.JUnit4Provider.executeTestSet(JUnit4Provider.java:238)
	at org.apache.maven.surefire.junit4.JUnit4Provider.invoke(JUnit4Provider.java:159)
	at org.apache.maven.surefire.booter.ForkedBooter.invokeProviderInSameClassLoader(ForkedBooter.java:384)
	at org.apache.maven.surefire.booter.ForkedBooter.runSuitesInProcess(ForkedBooter.java:345)
	at org.apache.maven.surefire.booter.ForkedBooter.execute(ForkedBooter.java:126)
	at org.apache.maven.surefire.booter.ForkedBooter.main(ForkedBooter.java:418)
</error>
  </testcase>
  <testcase name="evaluateVisit" classname="org.jpmml.lightgbm.RegressionTest" time="0.165">
    <error message="Could not initialize class de.javakaffee.kryoserializers.UnmodifiableCollectionsSerializer" type="java.lang.NoClassDefFoundError">java.lang.NoClassDefFoundError: Could not initialize class de.javakaffee.kryoserializers.UnmodifiableCollectionsSerializer
	at org.jpmml.evaluator.kryo.KryoUtil.register(KryoUtil.java:45)
	at org.jpmml.evaluator.testing.IntegrationTestBatch.validateEvaluator(IntegrationTestBatch.java:144)
	at org.jpmml.evaluator.testing.IntegrationTestBatch.getEvaluator(IntegrationTestBatch.java:92)
	at org.jpmml.evaluator.testing.BatchUtil.evaluate(BatchUtil.java:49)
	at org.jpmml.evaluator.testing.BatchTest.evaluate(BatchTest.java:29)
	at org.jpmml.evaluator.testing.IntegrationTest.evaluate(IntegrationTest.java:64)
	at org.jpmml.evaluator.testing.IntegrationTest.evaluate(IntegrationTest.java:42)
	at org.jpmml.lightgbm.RegressionTest.evaluateVisit(RegressionTest.java:139)
	at java.base/jdk.internal.reflect.NativeMethodAccessorImpl.invoke0(Native Method)
	at java.base/jdk.internal.reflect.NativeMethodAccessorImpl.invoke(NativeMethodAccessorImpl.java:78)
	at java.base/jdk.internal.reflect.DelegatingMethodAccessorImpl.invoke(DelegatingMethodAccessorImpl.java:43)
	at java.base/java.lang.reflect.Method.invoke(Method.java:567)
	at org.junit.runners.model.FrameworkMethod$1.runReflectiveCall(FrameworkMethod.java:59)
	at org.junit.internal.runners.model.ReflectiveCallable.run(ReflectiveCallable.java:12)
	at org.junit.runners.model.FrameworkMethod.invokeExplosively(FrameworkMethod.java:56)
	at org.junit.internal.runners.statements.InvokeMethod.evaluate(InvokeMethod.java:17)
	at org.junit.runners.ParentRunner$3.evaluate(ParentRunner.java:306)
	at org.junit.runners.BlockJUnit4ClassRunner$1.evaluate(BlockJUnit4ClassRunner.java:100)
	at org.junit.runners.ParentRunner.runLeaf(ParentRunner.java:366)
	at org.junit.runners.BlockJUnit4ClassRunner.runChild(BlockJUnit4ClassRunner.java:103)
	at org.junit.runners.BlockJUnit4ClassRunner.runChild(BlockJUnit4ClassRunner.java:63)
	at org.junit.runners.ParentRunner$4.run(ParentRunner.java:331)
	at org.junit.runners.ParentRunner$1.schedule(ParentRunner.java:79)
	at org.junit.runners.ParentRunner.runChildren(ParentRunner.java:329)
	at org.junit.runners.ParentRunner.access$100(ParentRunner.java:66)
	at org.junit.runners.ParentRunner$2.evaluate(ParentRunner.java:293)
	at org.junit.runners.ParentRunner$3.evaluate(ParentRunner.java:306)
	at org.junit.runners.ParentRunner.run(ParentRunner.java:413)
	at org.apache.maven.surefire.junit4.JUnit4Provider.execute(JUnit4Provider.java:365)
	at org.apache.maven.surefire.junit4.JUnit4Provider.executeWithRerun(JUnit4Provider.java:273)
	at org.apache.maven.surefire.junit4.JUnit4Provider.executeTestSet(JUnit4Provider.java:238)
	at org.apache.maven.surefire.junit4.JUnit4Provider.invoke(JUnit4Provider.java:159)
	at org.apache.maven.surefire.booter.ForkedBooter.invokeProviderInSameClassLoader(ForkedBooter.java:384)
	at org.apache.maven.surefire.booter.ForkedBooter.runSuitesInProcess(ForkedBooter.java:345)
	at org.apache.maven.surefire.booter.ForkedBooter.execute(ForkedBooter.java:126)
	at org.apache.maven.surefire.booter.ForkedBooter.main(ForkedBooter.java:418)
</error>
  </testcase>
  <testcase name="evaluateVisitLimit" classname="org.jpmml.lightgbm.RegressionTest" time="0.065">
    <error message="Could not initialize class de.javakaffee.kryoserializers.UnmodifiableCollectionsSerializer" type="java.lang.NoClassDefFoundError">java.lang.NoClassDefFoundError: Could not initialize class de.javakaffee.kryoserializers.UnmodifiableCollectionsSerializer
	at org.jpmml.evaluator.kryo.KryoUtil.register(KryoUtil.java:45)
	at org.jpmml.evaluator.testing.IntegrationTestBatch.validateEvaluator(IntegrationTestBatch.java:144)
	at org.jpmml.evaluator.testing.IntegrationTestBatch.getEvaluator(IntegrationTestBatch.java:92)
	at org.jpmml.evaluator.testing.BatchUtil.evaluate(BatchUtil.java:49)
	at org.jpmml.evaluator.testing.BatchTest.evaluate(BatchTest.java:29)
	at org.jpmml.evaluator.testing.IntegrationTest.evaluate(IntegrationTest.java:64)
	at org.jpmml.evaluator.testing.IntegrationTest.evaluate(IntegrationTest.java:42)
	at org.jpmml.lightgbm.RegressionTest.evaluateVisitLimit(RegressionTest.java:144)
	at java.base/jdk.internal.reflect.NativeMethodAccessorImpl.invoke0(Native Method)
	at java.base/jdk.internal.reflect.NativeMethodAccessorImpl.invoke(NativeMethodAccessorImpl.java:78)
	at java.base/jdk.internal.reflect.DelegatingMethodAccessorImpl.invoke(DelegatingMethodAccessorImpl.java:43)
	at java.base/java.lang.reflect.Method.invoke(Method.java:567)
	at org.junit.runners.model.FrameworkMethod$1.runReflectiveCall(FrameworkMethod.java:59)
	at org.junit.internal.runners.model.ReflectiveCallable.run(ReflectiveCallable.java:12)
	at org.junit.runners.model.FrameworkMethod.invokeExplosively(FrameworkMethod.java:56)
	at org.junit.internal.runners.statements.InvokeMethod.evaluate(InvokeMethod.java:17)
	at org.junit.runners.ParentRunner$3.evaluate(ParentRunner.java:306)
	at org.junit.runners.BlockJUnit4ClassRunner$1.evaluate(BlockJUnit4ClassRunner.java:100)
	at org.junit.runners.ParentRunner.runLeaf(ParentRunner.java:366)
	at org.junit.runners.BlockJUnit4ClassRunner.runChild(BlockJUnit4ClassRunner.java:103)
	at org.junit.runners.BlockJUnit4ClassRunner.runChild(BlockJUnit4ClassRunner.java:63)
	at org.junit.runners.ParentRunner$4.run(ParentRunner.java:331)
	at org.junit.runners.ParentRunner$1.schedule(ParentRunner.java:79)
	at org.junit.runners.ParentRunner.runChildren(ParentRunner.java:329)
	at org.junit.runners.ParentRunner.access$100(ParentRunner.java:66)
	at org.junit.runners.ParentRunner$2.evaluate(ParentRunner.java:293)
	at org.junit.runners.ParentRunner$3.evaluate(ParentRunner.java:306)
	at org.junit.runners.ParentRunner.run(ParentRunner.java:413)
	at org.apache.maven.surefire.junit4.JUnit4Provider.execute(JUnit4Provider.java:365)
	at org.apache.maven.surefire.junit4.JUnit4Provider.executeWithRerun(JUnit4Provider.java:273)
	at org.apache.maven.surefire.junit4.JUnit4Provider.executeTestSet(JUnit4Provider.java:238)
	at org.apache.maven.surefire.junit4.JUnit4Provider.invoke(JUnit4Provider.java:159)
	at org.apache.maven.surefire.booter.ForkedBooter.invokeProviderInSameClassLoader(ForkedBooter.java:384)
	at org.apache.maven.surefire.booter.ForkedBooter.runSuitesInProcess(ForkedBooter.java:345)
	at org.apache.maven.surefire.booter.ForkedBooter.execute(ForkedBooter.java:126)
	at org.apache.maven.surefire.booter.ForkedBooter.main(ForkedBooter.java:418)
</error>
  </testcase>
  <testcase name="evaluateAutoNA" classname="org.jpmml.lightgbm.RegressionTest" time="0.056">
    <error message="Could not initialize class de.javakaffee.kryoserializers.UnmodifiableCollectionsSerializer" type="java.lang.NoClassDefFoundError">java.lang.NoClassDefFoundError: Could not initialize class de.javakaffee.kryoserializers.UnmodifiableCollectionsSerializer
	at org.jpmml.evaluator.kryo.KryoUtil.register(KryoUtil.java:45)
	at org.jpmml.evaluator.testing.IntegrationTestBatch.validateEvaluator(IntegrationTestBatch.java:144)
	at org.jpmml.evaluator.testing.IntegrationTestBatch.getEvaluator(IntegrationTestBatch.java:92)
	at org.jpmml.evaluator.testing.BatchUtil.evaluate(BatchUtil.java:49)
	at org.jpmml.evaluator.testing.BatchTest.evaluate(BatchTest.java:29)
	at org.jpmml.evaluator.testing.IntegrationTest.evaluate(IntegrationTest.java:64)
	at org.jpmml.evaluator.testing.IntegrationTest.evaluate(IntegrationTest.java:42)
	at org.jpmml.lightgbm.RegressionTest.evaluateAutoNA(RegressionTest.java:104)
	at java.base/jdk.internal.reflect.NativeMethodAccessorImpl.invoke0(Native Method)
	at java.base/jdk.internal.reflect.NativeMethodAccessorImpl.invoke(NativeMethodAccessorImpl.java:78)
	at java.base/jdk.internal.reflect.DelegatingMethodAccessorImpl.invoke(DelegatingMethodAccessorImpl.java:43)
	at java.base/java.lang.reflect.Method.invoke(Method.java:567)
	at org.junit.runners.model.FrameworkMethod$1.runReflectiveCall(FrameworkMethod.java:59)
	at org.junit.internal.runners.model.ReflectiveCallable.run(ReflectiveCallable.java:12)
	at org.junit.runners.model.FrameworkMethod.invokeExplosively(FrameworkMethod.java:56)
	at org.junit.internal.runners.statements.InvokeMethod.evaluate(InvokeMethod.java:17)
	at org.junit.runners.ParentRunner$3.evaluate(ParentRunner.java:306)
	at org.junit.runners.BlockJUnit4ClassRunner$1.evaluate(BlockJUnit4ClassRunner.java:100)
	at org.junit.runners.ParentRunner.runLeaf(ParentRunner.java:366)
	at org.junit.runners.BlockJUnit4ClassRunner.runChild(BlockJUnit4ClassRunner.java:103)
	at org.junit.runners.BlockJUnit4ClassRunner.runChild(BlockJUnit4ClassRunner.java:63)
	at org.junit.runners.ParentRunner$4.run(ParentRunner.java:331)
	at org.junit.runners.ParentRunner$1.schedule(ParentRunner.java:79)
	at org.junit.runners.ParentRunner.runChildren(ParentRunner.java:329)
	at org.junit.runners.ParentRunner.access$100(ParentRunner.java:66)
	at org.junit.runners.ParentRunner$2.evaluate(ParentRunner.java:293)
	at org.junit.runners.ParentRunner$3.evaluate(ParentRunner.java:306)
	at org.junit.runners.ParentRunner.run(ParentRunner.java:413)
	at org.apache.maven.surefire.junit4.JUnit4Provider.execute(JUnit4Provider.java:365)
	at org.apache.maven.surefire.junit4.JUnit4Provider.executeWithRerun(JUnit4Provider.java:273)
	at org.apache.maven.surefire.junit4.JUnit4Provider.executeTestSet(JUnit4Provider.java:238)
	at org.apache.maven.surefire.junit4.JUnit4Provider.invoke(JUnit4Provider.java:159)
	at org.apache.maven.surefire.booter.ForkedBooter.invokeProviderInSameClassLoader(ForkedBooter.java:384)
	at org.apache.maven.surefire.booter.ForkedBooter.runSuitesInProcess(ForkedBooter.java:345)
	at org.apache.maven.surefire.booter.ForkedBooter.execute(ForkedBooter.java:126)
	at org.apache.maven.surefire.booter.ForkedBooter.main(ForkedBooter.java:418)
</error>
  </testcase>
  <testcase name="evaluateHousingNALimit" classname="org.jpmml.lightgbm.RegressionTest" time="0.027">
    <error message="Could not initialize class de.javakaffee.kryoserializers.UnmodifiableCollectionsSerializer" type="java.lang.NoClassDefFoundError">java.lang.NoClassDefFoundError: Could not initialize class de.javakaffee.kryoserializers.UnmodifiableCollectionsSerializer
	at org.jpmml.evaluator.kryo.KryoUtil.register(KryoUtil.java:45)
	at org.jpmml.evaluator.testing.IntegrationTestBatch.validateEvaluator(IntegrationTestBatch.java:144)
	at org.jpmml.evaluator.testing.IntegrationTestBatch.getEvaluator(IntegrationTestBatch.java:92)
	at org.jpmml.evaluator.testing.BatchUtil.evaluate(BatchUtil.java:49)
	at org.jpmml.evaluator.testing.BatchTest.evaluate(BatchTest.java:29)
	at org.jpmml.evaluator.testing.IntegrationTest.evaluate(IntegrationTest.java:64)
	at org.jpmml.evaluator.testing.IntegrationTest.evaluate(IntegrationTest.java:42)
	at org.jpmml.lightgbm.RegressionTest.evaluateHousingNALimit(RegressionTest.java:134)
	at java.base/jdk.internal.reflect.NativeMethodAccessorImpl.invoke0(Native Method)
	at java.base/jdk.internal.reflect.NativeMethodAccessorImpl.invoke(NativeMethodAccessorImpl.java:78)
	at java.base/jdk.internal.reflect.DelegatingMethodAccessorImpl.invoke(DelegatingMethodAccessorImpl.java:43)
	at java.base/java.lang.reflect.Method.invoke(Method.java:567)
	at org.junit.runners.model.FrameworkMethod$1.runReflectiveCall(FrameworkMethod.java:59)
	at org.junit.internal.runners.model.ReflectiveCallable.run(ReflectiveCallable.java:12)
	at org.junit.runners.model.FrameworkMethod.invokeExplosively(FrameworkMethod.java:56)
	at org.junit.internal.runners.statements.InvokeMethod.evaluate(InvokeMethod.java:17)
	at org.junit.runners.ParentRunner$3.evaluate(ParentRunner.java:306)
	at org.junit.runners.BlockJUnit4ClassRunner$1.evaluate(BlockJUnit4ClassRunner.java:100)
	at org.junit.runners.ParentRunner.runLeaf(ParentRunner.java:366)
	at org.junit.runners.BlockJUnit4ClassRunner.runChild(BlockJUnit4ClassRunner.java:103)
	at org.junit.runners.BlockJUnit4ClassRunner.runChild(BlockJUnit4ClassRunner.java:63)
	at org.junit.runners.ParentRunner$4.run(ParentRunner.java:331)
	at org.junit.runners.ParentRunner$1.schedule(ParentRunner.java:79)
	at org.junit.runners.ParentRunner.runChildren(ParentRunner.java:329)
	at org.junit.runners.ParentRunner.access$100(ParentRunner.java:66)
	at org.junit.runners.ParentRunner$2.evaluate(ParentRunner.java:293)
	at org.junit.runners.ParentRunner$3.evaluate(ParentRunner.java:306)
	at org.junit.runners.ParentRunner.run(ParentRunner.java:413)
	at org.apache.maven.surefire.junit4.JUnit4Provider.execute(JUnit4Provider.java:365)
	at org.apache.maven.surefire.junit4.JUnit4Provider.executeWithRerun(JUnit4Provider.java:273)
	at org.apache.maven.surefire.junit4.JUnit4Provider.executeTestSet(JUnit4Provider.java:238)
	at org.apache.maven.surefire.junit4.JUnit4Provider.invoke(JUnit4Provider.java:159)
	at org.apache.maven.surefire.booter.ForkedBooter.invokeProviderInSameClassLoader(ForkedBooter.java:384)
	at org.apache.maven.surefire.booter.ForkedBooter.runSuitesInProcess(ForkedBooter.java:345)
	at org.apache.maven.surefire.booter.ForkedBooter.execute(ForkedBooter.java:126)
	at org.apache.maven.surefire.booter.ForkedBooter.main(ForkedBooter.java:418)
</error>
  </testcase>
  <testcase name="evaluateAuto" classname="org.jpmml.lightgbm.RegressionTest" time="0.051">
    <error message="Could not initialize class de.javakaffee.kryoserializers.UnmodifiableCollectionsSerializer" type="java.lang.NoClassDefFoundError">java.lang.NoClassDefFoundError: Could not initialize class de.javakaffee.kryoserializers.UnmodifiableCollectionsSerializer
	at org.jpmml.evaluator.kryo.KryoUtil.register(KryoUtil.java:45)
	at org.jpmml.evaluator.testing.IntegrationTestBatch.validateEvaluator(IntegrationTestBatch.java:144)
	at org.jpmml.evaluator.testing.IntegrationTestBatch.getEvaluator(IntegrationTestBatch.java:92)
	at org.jpmml.evaluator.testing.BatchUtil.evaluate(BatchUtil.java:49)
	at org.jpmml.evaluator.testing.BatchTest.evaluate(BatchTest.java:29)
	at org.jpmml.evaluator.testing.IntegrationTest.evaluate(IntegrationTest.java:64)
	at org.jpmml.evaluator.testing.IntegrationTest.evaluate(IntegrationTest.java:42)
	at org.jpmml.lightgbm.RegressionTest.evaluateAuto(RegressionTest.java:84)
	at java.base/jdk.internal.reflect.NativeMethodAccessorImpl.invoke0(Native Method)
	at java.base/jdk.internal.reflect.NativeMethodAccessorImpl.invoke(NativeMethodAccessorImpl.java:78)
	at java.base/jdk.internal.reflect.DelegatingMethodAccessorImpl.invoke(DelegatingMethodAccessorImpl.java:43)
	at java.base/java.lang.reflect.Method.invoke(Method.java:567)
	at org.junit.runners.model.FrameworkMethod$1.runReflectiveCall(FrameworkMethod.java:59)
	at org.junit.internal.runners.model.ReflectiveCallable.run(ReflectiveCallable.java:12)
	at org.junit.runners.model.FrameworkMethod.invokeExplosively(FrameworkMethod.java:56)
	at org.junit.internal.runners.statements.InvokeMethod.evaluate(InvokeMethod.java:17)
	at org.junit.runners.ParentRunner$3.evaluate(ParentRunner.java:306)
	at org.junit.runners.BlockJUnit4ClassRunner$1.evaluate(BlockJUnit4ClassRunner.java:100)
	at org.junit.runners.ParentRunner.runLeaf(ParentRunner.java:366)
	at org.junit.runners.BlockJUnit4ClassRunner.runChild(BlockJUnit4ClassRunner.java:103)
	at org.junit.runners.BlockJUnit4ClassRunner.runChild(BlockJUnit4ClassRunner.java:63)
	at org.junit.runners.ParentRunner$4.run(ParentRunner.java:331)
	at org.junit.runners.ParentRunner$1.schedule(ParentRunner.java:79)
	at org.junit.runners.ParentRunner.runChildren(ParentRunner.java:329)
	at org.junit.runners.ParentRunner.access$100(ParentRunner.java:66)
	at org.junit.runners.ParentRunner$2.evaluate(ParentRunner.java:293)
	at org.junit.runners.ParentRunner$3.evaluate(ParentRunner.java:306)
	at org.junit.runners.ParentRunner.run(ParentRunner.java:413)
	at org.apache.maven.surefire.junit4.JUnit4Provider.execute(JUnit4Provider.java:365)
	at org.apache.maven.surefire.junit4.JUnit4Provider.executeWithRerun(JUnit4Provider.java:273)
	at org.apache.maven.surefire.junit4.JUnit4Provider.executeTestSet(JUnit4Provider.java:238)
	at org.apache.maven.surefire.junit4.JUnit4Provider.invoke(JUnit4Provider.java:159)
	at org.apache.maven.surefire.booter.ForkedBooter.invokeProviderInSameClassLoader(ForkedBooter.java:384)
	at org.apache.maven.surefire.booter.ForkedBooter.runSuitesInProcess(ForkedBooter.java:345)
	at org.apache.maven.surefire.booter.ForkedBooter.execute(ForkedBooter.java:126)
	at org.apache.maven.surefire.booter.ForkedBooter.main(ForkedBooter.java:418)
</error>
  </testcase>
  <testcase name="evaluateRFAuto" classname="org.jpmml.lightgbm.RegressionTest" time="0.034">
    <error message="Could not initialize class de.javakaffee.kryoserializers.UnmodifiableCollectionsSerializer" type="java.lang.NoClassDefFoundError">java.lang.NoClassDefFoundError: Could not initialize class de.javakaffee.kryoserializers.UnmodifiableCollectionsSerializer
	at org.jpmml.evaluator.kryo.KryoUtil.register(KryoUtil.java:45)
	at org.jpmml.evaluator.testing.IntegrationTestBatch.validateEvaluator(IntegrationTestBatch.java:144)
	at org.jpmml.evaluator.testing.IntegrationTestBatch.getEvaluator(IntegrationTestBatch.java:92)
	at org.jpmml.evaluator.testing.BatchUtil.evaluate(BatchUtil.java:49)
	at org.jpmml.evaluator.testing.BatchTest.evaluate(BatchTest.java:29)
	at org.jpmml.evaluator.testing.IntegrationTest.evaluate(IntegrationTest.java:64)
	at org.jpmml.evaluator.testing.IntegrationTest.evaluate(IntegrationTest.java:42)
	at org.jpmml.lightgbm.RegressionTest.evaluateRFAuto(RegressionTest.java:89)
	at java.base/jdk.internal.reflect.NativeMethodAccessorImpl.invoke0(Native Method)
	at java.base/jdk.internal.reflect.NativeMethodAccessorImpl.invoke(NativeMethodAccessorImpl.java:78)
	at java.base/jdk.internal.reflect.DelegatingMethodAccessorImpl.invoke(DelegatingMethodAccessorImpl.java:43)
	at java.base/java.lang.reflect.Method.invoke(Method.java:567)
	at org.junit.runners.model.FrameworkMethod$1.runReflectiveCall(FrameworkMethod.java:59)
	at org.junit.internal.runners.model.ReflectiveCallable.run(ReflectiveCallable.java:12)
	at org.junit.runners.model.FrameworkMethod.invokeExplosively(FrameworkMethod.java:56)
	at org.junit.internal.runners.statements.InvokeMethod.evaluate(InvokeMethod.java:17)
	at org.junit.runners.ParentRunner$3.evaluate(ParentRunner.java:306)
	at org.junit.runners.BlockJUnit4ClassRunner$1.evaluate(BlockJUnit4ClassRunner.java:100)
	at org.junit.runners.ParentRunner.runLeaf(ParentRunner.java:366)
	at org.junit.runners.BlockJUnit4ClassRunner.runChild(BlockJUnit4ClassRunner.java:103)
	at org.junit.runners.BlockJUnit4ClassRunner.runChild(BlockJUnit4ClassRunner.java:63)
	at org.junit.runners.ParentRunner$4.run(ParentRunner.java:331)
	at org.junit.runners.ParentRunner$1.schedule(ParentRunner.java:79)
	at org.junit.runners.ParentRunner.runChildren(ParentRunner.java:329)
	at org.junit.runners.ParentRunner.access$100(ParentRunner.java:66)
	at org.junit.runners.ParentRunner$2.evaluate(ParentRunner.java:293)
	at org.junit.runners.ParentRunner$3.evaluate(ParentRunner.java:306)
	at org.junit.runners.ParentRunner.run(ParentRunner.java:413)
	at org.apache.maven.surefire.junit4.JUnit4Provider.execute(JUnit4Provider.java:365)
	at org.apache.maven.surefire.junit4.JUnit4Provider.executeWithRerun(JUnit4Provider.java:273)
	at org.apache.maven.surefire.junit4.JUnit4Provider.executeTestSet(JUnit4Provider.java:238)
	at org.apache.maven.surefire.junit4.JUnit4Provider.invoke(JUnit4Provider.java:159)
	at org.apache.maven.surefire.booter.ForkedBooter.invokeProviderInSameClassLoader(ForkedBooter.java:384)
	at org.apache.maven.surefire.booter.ForkedBooter.runSuitesInProcess(ForkedBooter.java:345)
	at org.apache.maven.surefire.booter.ForkedBooter.execute(ForkedBooter.java:126)
	at org.apache.maven.surefire.booter.ForkedBooter.main(ForkedBooter.java:418)
</error>
  </testcase>
  <testcase name="evaluateVisitNALimit" classname="org.jpmml.lightgbm.RegressionTest" time="0.061">
    <error message="Could not initialize class de.javakaffee.kryoserializers.UnmodifiableCollectionsSerializer" type="java.lang.NoClassDefFoundError">java.lang.NoClassDefFoundError: Could not initialize class de.javakaffee.kryoserializers.UnmodifiableCollectionsSerializer
	at org.jpmml.evaluator.kryo.KryoUtil.register(KryoUtil.java:45)
	at org.jpmml.evaluator.testing.IntegrationTestBatch.validateEvaluator(IntegrationTestBatch.java:144)
	at org.jpmml.evaluator.testing.IntegrationTestBatch.getEvaluator(IntegrationTestBatch.java:92)
	at org.jpmml.evaluator.testing.BatchUtil.evaluate(BatchUtil.java:49)
	at org.jpmml.evaluator.testing.BatchTest.evaluate(BatchTest.java:29)
	at org.jpmml.evaluator.testing.IntegrationTest.evaluate(IntegrationTest.java:64)
	at org.jpmml.evaluator.testing.IntegrationTest.evaluate(IntegrationTest.java:42)
	at org.jpmml.lightgbm.RegressionTest.evaluateVisitNALimit(RegressionTest.java:154)
	at java.base/jdk.internal.reflect.NativeMethodAccessorImpl.invoke0(Native Method)
	at java.base/jdk.internal.reflect.NativeMethodAccessorImpl.invoke(NativeMethodAccessorImpl.java:78)
	at java.base/jdk.internal.reflect.DelegatingMethodAccessorImpl.invoke(DelegatingMethodAccessorImpl.java:43)
	at java.base/java.lang.reflect.Method.invoke(Method.java:567)
	at org.junit.runners.model.FrameworkMethod$1.runReflectiveCall(FrameworkMethod.java:59)
	at org.junit.internal.runners.model.ReflectiveCallable.run(ReflectiveCallable.java:12)
	at org.junit.runners.model.FrameworkMethod.invokeExplosively(FrameworkMethod.java:56)
	at org.junit.internal.runners.statements.InvokeMethod.evaluate(InvokeMethod.java:17)
	at org.junit.runners.ParentRunner$3.evaluate(ParentRunner.java:306)
	at org.junit.runners.BlockJUnit4ClassRunner$1.evaluate(BlockJUnit4ClassRunner.java:100)
	at org.junit.runners.ParentRunner.runLeaf(ParentRunner.java:366)
	at org.junit.runners.BlockJUnit4ClassRunner.runChild(BlockJUnit4ClassRunner.java:103)
	at org.junit.runners.BlockJUnit4ClassRunner.runChild(BlockJUnit4ClassRunner.java:63)
	at org.junit.runners.ParentRunner$4.run(ParentRunner.java:331)
	at org.junit.runners.ParentRunner$1.schedule(ParentRunner.java:79)
	at org.junit.runners.ParentRunner.runChildren(ParentRunner.java:329)
	at org.junit.runners.ParentRunner.access$100(ParentRunner.java:66)
	at org.junit.runners.ParentRunner$2.evaluate(ParentRunner.java:293)
	at org.junit.runners.ParentRunner$3.evaluate(ParentRunner.java:306)
	at org.junit.runners.ParentRunner.run(ParentRunner.java:413)
	at org.apache.maven.surefire.junit4.JUnit4Provider.execute(JUnit4Provider.java:365)
	at org.apache.maven.surefire.junit4.JUnit4Provider.executeWithRerun(JUnit4Provider.java:273)
	at org.apache.maven.surefire.junit4.JUnit4Provider.executeTestSet(JUnit4Provider.java:238)
	at org.apache.maven.surefire.junit4.JUnit4Provider.invoke(JUnit4Provider.java:159)
	at org.apache.maven.surefire.booter.ForkedBooter.invokeProviderInSameClassLoader(ForkedBooter.java:384)
	at org.apache.maven.surefire.booter.ForkedBooter.runSuitesInProcess(ForkedBooter.java:345)
	at org.apache.maven.surefire.booter.ForkedBooter.execute(ForkedBooter.java:126)
	at org.apache.maven.surefire.booter.ForkedBooter.main(ForkedBooter.java:418)
</error>
  </testcase>
  <testcase name="evaluateAutoDirect" classname="org.jpmml.lightgbm.RegressionTest" time="0.053">
    <error message="Could not initialize class de.javakaffee.kryoserializers.UnmodifiableCollectionsSerializer" type="java.lang.NoClassDefFoundError">java.lang.NoClassDefFoundError: Could not initialize class de.javakaffee.kryoserializers.UnmodifiableCollectionsSerializer
	at org.jpmml.evaluator.kryo.KryoUtil.register(KryoUtil.java:45)
	at org.jpmml.evaluator.testing.IntegrationTestBatch.validateEvaluator(IntegrationTestBatch.java:144)
	at org.jpmml.evaluator.testing.IntegrationTestBatch.getEvaluator(IntegrationTestBatch.java:92)
	at org.jpmml.evaluator.testing.BatchUtil.evaluate(BatchUtil.java:49)
	at org.jpmml.evaluator.testing.BatchTest.evaluate(BatchTest.java:29)
	at org.jpmml.evaluator.testing.IntegrationTest.evaluate(IntegrationTest.java:64)
	at org.jpmml.evaluator.testing.IntegrationTest.evaluate(IntegrationTest.java:42)
	at org.jpmml.lightgbm.RegressionTest.evaluateAutoDirect(RegressionTest.java:94)
	at java.base/jdk.internal.reflect.NativeMethodAccessorImpl.invoke0(Native Method)
	at java.base/jdk.internal.reflect.NativeMethodAccessorImpl.invoke(NativeMethodAccessorImpl.java:78)
	at java.base/jdk.internal.reflect.DelegatingMethodAccessorImpl.invoke(DelegatingMethodAccessorImpl.java:43)
	at java.base/java.lang.reflect.Method.invoke(Method.java:567)
	at org.junit.runners.model.FrameworkMethod$1.runReflectiveCall(FrameworkMethod.java:59)
	at org.junit.internal.runners.model.ReflectiveCallable.run(ReflectiveCallable.java:12)
	at org.junit.runners.model.FrameworkMethod.invokeExplosively(FrameworkMethod.java:56)
	at org.junit.internal.runners.statements.InvokeMethod.evaluate(InvokeMethod.java:17)
	at org.junit.runners.ParentRunner$3.evaluate(ParentRunner.java:306)
	at org.junit.runners.BlockJUnit4ClassRunner$1.evaluate(BlockJUnit4ClassRunner.java:100)
	at org.junit.runners.ParentRunner.runLeaf(ParentRunner.java:366)
	at org.junit.runners.BlockJUnit4ClassRunner.runChild(BlockJUnit4ClassRunner.java:103)
	at org.junit.runners.BlockJUnit4ClassRunner.runChild(BlockJUnit4ClassRunner.java:63)
	at org.junit.runners.ParentRunner$4.run(ParentRunner.java:331)
	at org.junit.runners.ParentRunner$1.schedule(ParentRunner.java:79)
	at org.junit.runners.ParentRunner.runChildren(ParentRunner.java:329)
	at org.junit.runners.ParentRunner.access$100(ParentRunner.java:66)
	at org.junit.runners.ParentRunner$2.evaluate(ParentRunner.java:293)
	at org.junit.runners.ParentRunner$3.evaluate(ParentRunner.java:306)
	at org.junit.runners.ParentRunner.run(ParentRunner.java:413)
	at org.apache.maven.surefire.junit4.JUnit4Provider.execute(JUnit4Provider.java:365)
	at org.apache.maven.surefire.junit4.JUnit4Provider.executeWithRerun(JUnit4Provider.java:273)
	at org.apache.maven.surefire.junit4.JUnit4Provider.executeTestSet(JUnit4Provider.java:238)
	at org.apache.maven.surefire.junit4.JUnit4Provider.invoke(JUnit4Provider.java:159)
	at org.apache.maven.surefire.booter.ForkedBooter.invokeProviderInSameClassLoader(ForkedBooter.java:384)
	at org.apache.maven.surefire.booter.ForkedBooter.runSuitesInProcess(ForkedBooter.java:345)
	at org.apache.maven.surefire.booter.ForkedBooter.execute(ForkedBooter.java:126)
	at org.apache.maven.surefire.booter.ForkedBooter.main(ForkedBooter.java:418)
</error>
  </testcase>
  <testcase name="evaluateHousingLimit" classname="org.jpmml.lightgbm.RegressionTest" time="0.04">
    <error message="Could not initialize class de.javakaffee.kryoserializers.UnmodifiableCollectionsSerializer" type="java.lang.NoClassDefFoundError">java.lang.NoClassDefFoundError: Could not initialize class de.javakaffee.kryoserializers.UnmodifiableCollectionsSerializer
	at org.jpmml.evaluator.kryo.KryoUtil.register(KryoUtil.java:45)
	at org.jpmml.evaluator.testing.IntegrationTestBatch.validateEvaluator(IntegrationTestBatch.java:144)
	at org.jpmml.evaluator.testing.IntegrationTestBatch.getEvaluator(IntegrationTestBatch.java:92)
	at org.jpmml.evaluator.testing.BatchUtil.evaluate(BatchUtil.java:49)
	at org.jpmml.evaluator.testing.BatchTest.evaluate(BatchTest.java:29)
	at org.jpmml.evaluator.testing.IntegrationTest.evaluate(IntegrationTest.java:64)
	at org.jpmml.evaluator.testing.IntegrationTest.evaluate(IntegrationTest.java:42)
	at org.jpmml.lightgbm.RegressionTest.evaluateHousingLimit(RegressionTest.java:124)
	at java.base/jdk.internal.reflect.NativeMethodAccessorImpl.invoke0(Native Method)
	at java.base/jdk.internal.reflect.NativeMethodAccessorImpl.invoke(NativeMethodAccessorImpl.java:78)
	at java.base/jdk.internal.reflect.DelegatingMethodAccessorImpl.invoke(DelegatingMethodAccessorImpl.java:43)
	at java.base/java.lang.reflect.Method.invoke(Method.java:567)
	at org.junit.runners.model.FrameworkMethod$1.runReflectiveCall(FrameworkMethod.java:59)
	at org.junit.internal.runners.model.ReflectiveCallable.run(ReflectiveCallable.java:12)
	at org.junit.runners.model.FrameworkMethod.invokeExplosively(FrameworkMethod.java:56)
	at org.junit.internal.runners.statements.InvokeMethod.evaluate(InvokeMethod.java:17)
	at org.junit.runners.ParentRunner$3.evaluate(ParentRunner.java:306)
	at org.junit.runners.BlockJUnit4ClassRunner$1.evaluate(BlockJUnit4ClassRunner.java:100)
	at org.junit.runners.ParentRunner.runLeaf(ParentRunner.java:366)
	at org.junit.runners.BlockJUnit4ClassRunner.runChild(BlockJUnit4ClassRunner.java:103)
	at org.junit.runners.BlockJUnit4ClassRunner.runChild(BlockJUnit4ClassRunner.java:63)
	at org.junit.runners.ParentRunner$4.run(ParentRunner.java:331)
	at org.junit.runners.ParentRunner$1.schedule(ParentRunner.java:79)
	at org.junit.runners.ParentRunner.runChildren(ParentRunner.java:329)
	at org.junit.runners.ParentRunner.access$100(ParentRunner.java:66)
	at org.junit.runners.ParentRunner$2.evaluate(ParentRunner.java:293)
	at org.junit.runners.ParentRunner$3.evaluate(ParentRunner.java:306)
	at org.junit.runners.ParentRunner.run(ParentRunner.java:413)
	at org.apache.maven.surefire.junit4.JUnit4Provider.execute(JUnit4Provider.java:365)
	at org.apache.maven.surefire.junit4.JUnit4Provider.executeWithRerun(JUnit4Provider.java:273)
	at org.apache.maven.surefire.junit4.JUnit4Provider.executeTestSet(JUnit4Provider.java:238)
	at org.apache.maven.surefire.junit4.JUnit4Provider.invoke(JUnit4Provider.java:159)
	at org.apache.maven.surefire.booter.ForkedBooter.invokeProviderInSameClassLoader(ForkedBooter.java:384)
	at org.apache.maven.surefire.booter.ForkedBooter.runSuitesInProcess(ForkedBooter.java:345)
	at org.apache.maven.surefire.booter.ForkedBooter.execute(ForkedBooter.java:126)
	at org.apache.maven.surefire.booter.ForkedBooter.main(ForkedBooter.java:418)
</error>
  </testcase>
  <testcase name="evaluateAutoDirectNA" classname="org.jpmml.lightgbm.RegressionTest" time="0.047">
    <error message="Could not initialize class de.javakaffee.kryoserializers.UnmodifiableCollectionsSerializer" type="java.lang.NoClassDefFoundError">java.lang.NoClassDefFoundError: Could not initialize class de.javakaffee.kryoserializers.UnmodifiableCollectionsSerializer
	at org.jpmml.evaluator.kryo.KryoUtil.register(KryoUtil.java:45)
	at org.jpmml.evaluator.testing.IntegrationTestBatch.validateEvaluator(IntegrationTestBatch.java:144)
	at org.jpmml.evaluator.testing.IntegrationTestBatch.getEvaluator(IntegrationTestBatch.java:92)
	at org.jpmml.evaluator.testing.BatchUtil.evaluate(BatchUtil.java:49)
	at org.jpmml.evaluator.testing.BatchTest.evaluate(BatchTest.java:29)
	at org.jpmml.evaluator.testing.IntegrationTest.evaluate(IntegrationTest.java:64)
	at org.jpmml.evaluator.testing.IntegrationTest.evaluate(IntegrationTest.java:42)
	at org.jpmml.lightgbm.RegressionTest.evaluateAutoDirectNA(RegressionTest.java:109)
	at java.base/jdk.internal.reflect.NativeMethodAccessorImpl.invoke0(Native Method)
	at java.base/jdk.internal.reflect.NativeMethodAccessorImpl.invoke(NativeMethodAccessorImpl.java:78)
	at java.base/jdk.internal.reflect.DelegatingMethodAccessorImpl.invoke(DelegatingMethodAccessorImpl.java:43)
	at java.base/java.lang.reflect.Method.invoke(Method.java:567)
	at org.junit.runners.model.FrameworkMethod$1.runReflectiveCall(FrameworkMethod.java:59)
	at org.junit.internal.runners.model.ReflectiveCallable.run(ReflectiveCallable.java:12)
	at org.junit.runners.model.FrameworkMethod.invokeExplosively(FrameworkMethod.java:56)
	at org.junit.internal.runners.statements.InvokeMethod.evaluate(InvokeMethod.java:17)
	at org.junit.runners.ParentRunner$3.evaluate(ParentRunner.java:306)
	at org.junit.runners.BlockJUnit4ClassRunner$1.evaluate(BlockJUnit4ClassRunner.java:100)
	at org.junit.runners.ParentRunner.runLeaf(ParentRunner.java:366)
	at org.junit.runners.BlockJUnit4ClassRunner.runChild(BlockJUnit4ClassRunner.java:103)
	at org.junit.runners.BlockJUnit4ClassRunner.runChild(BlockJUnit4ClassRunner.java:63)
	at org.junit.runners.ParentRunner$4.run(ParentRunner.java:331)
	at org.junit.runners.ParentRunner$1.schedule(ParentRunner.java:79)
	at org.junit.runners.ParentRunner.runChildren(ParentRunner.java:329)
	at org.junit.runners.ParentRunner.access$100(ParentRunner.java:66)
	at org.junit.runners.ParentRunner$2.evaluate(ParentRunner.java:293)
	at org.junit.runners.ParentRunner$3.evaluate(ParentRunner.java:306)
	at org.junit.runners.ParentRunner.run(ParentRunner.java:413)
	at org.apache.maven.surefire.junit4.JUnit4Provider.execute(JUnit4Provider.java:365)
	at org.apache.maven.surefire.junit4.JUnit4Provider.executeWithRerun(JUnit4Provider.java:273)
	at org.apache.maven.surefire.junit4.JUnit4Provider.executeTestSet(JUnit4Provider.java:238)
	at org.apache.maven.surefire.junit4.JUnit4Provider.invoke(JUnit4Provider.java:159)
	at org.apache.maven.surefire.booter.ForkedBooter.invokeProviderInSameClassLoader(ForkedBooter.java:384)
	at org.apache.maven.surefire.booter.ForkedBooter.runSuitesInProcess(ForkedBooter.java:345)
	at org.apache.maven.surefire.booter.ForkedBooter.execute(ForkedBooter.java:126)
	at org.apache.maven.surefire.booter.ForkedBooter.main(ForkedBooter.java:418)
</error>
  </testcase>
  <testcase name="evaluateVisitNA" classname="org.jpmml.lightgbm.RegressionTest" time="0.165">
    <error message="Could not initialize class de.javakaffee.kryoserializers.UnmodifiableCollectionsSerializer" type="java.lang.NoClassDefFoundError">java.lang.NoClassDefFoundError: Could not initialize class de.javakaffee.kryoserializers.UnmodifiableCollectionsSerializer
	at org.jpmml.evaluator.kryo.KryoUtil.register(KryoUtil.java:45)
	at org.jpmml.evaluator.testing.IntegrationTestBatch.validateEvaluator(IntegrationTestBatch.java:144)
	at org.jpmml.evaluator.testing.IntegrationTestBatch.getEvaluator(IntegrationTestBatch.java:92)
	at org.jpmml.evaluator.testing.BatchUtil.evaluate(BatchUtil.java:49)
	at org.jpmml.evaluator.testing.BatchTest.evaluate(BatchTest.java:29)
	at org.jpmml.evaluator.testing.IntegrationTest.evaluate(IntegrationTest.java:64)
	at org.jpmml.evaluator.testing.IntegrationTest.evaluate(IntegrationTest.java:42)
	at org.jpmml.lightgbm.RegressionTest.evaluateVisitNA(RegressionTest.java:149)
	at java.base/jdk.internal.reflect.NativeMethodAccessorImpl.invoke0(Native Method)
	at java.base/jdk.internal.reflect.NativeMethodAccessorImpl.invoke(NativeMethodAccessorImpl.java:78)
	at java.base/jdk.internal.reflect.DelegatingMethodAccessorImpl.invoke(DelegatingMethodAccessorImpl.java:43)
	at java.base/java.lang.reflect.Method.invoke(Method.java:567)
	at org.junit.runners.model.FrameworkMethod$1.runReflectiveCall(FrameworkMethod.java:59)
	at org.junit.internal.runners.model.ReflectiveCallable.run(ReflectiveCallable.java:12)
	at org.junit.runners.model.FrameworkMethod.invokeExplosively(FrameworkMethod.java:56)
	at org.junit.internal.runners.statements.InvokeMethod.evaluate(InvokeMethod.java:17)
	at org.junit.runners.ParentRunner$3.evaluate(ParentRunner.java:306)
	at org.junit.runners.BlockJUnit4ClassRunner$1.evaluate(BlockJUnit4ClassRunner.java:100)
	at org.junit.runners.ParentRunner.runLeaf(ParentRunner.java:366)
	at org.junit.runners.BlockJUnit4ClassRunner.runChild(BlockJUnit4ClassRunner.java:103)
	at org.junit.runners.BlockJUnit4ClassRunner.runChild(BlockJUnit4ClassRunner.java:63)
	at org.junit.runners.ParentRunner$4.run(ParentRunner.java:331)
	at org.junit.runners.ParentRunner$1.schedule(ParentRunner.java:79)
	at org.junit.runners.ParentRunner.runChildren(ParentRunner.java:329)
	at org.junit.runners.ParentRunner.access$100(ParentRunner.java:66)
	at org.junit.runners.ParentRunner$2.evaluate(ParentRunner.java:293)
	at org.junit.runners.ParentRunner$3.evaluate(ParentRunner.java:306)
	at org.junit.runners.ParentRunner.run(ParentRunner.java:413)
	at org.apache.maven.surefire.junit4.JUnit4Provider.execute(JUnit4Provider.java:365)
	at org.apache.maven.surefire.junit4.JUnit4Provider.executeWithRerun(JUnit4Provider.java:273)
	at org.apache.maven.surefire.junit4.JUnit4Provider.executeTestSet(JUnit4Provider.java:238)
	at org.apache.maven.surefire.junit4.JUnit4Provider.invoke(JUnit4Provider.java:159)
	at org.apache.maven.surefire.booter.ForkedBooter.invokeProviderInSameClassLoader(ForkedBooter.java:384)
	at org.apache.maven.surefire.booter.ForkedBooter.runSuitesInProcess(ForkedBooter.java:345)
	at org.apache.maven.surefire.booter.ForkedBooter.execute(ForkedBooter.java:126)
	at org.apache.maven.surefire.booter.ForkedBooter.main(ForkedBooter.java:418)
</error>
  </testcase>
  <testcase name="evaluateAutoNALimit" classname="org.jpmml.lightgbm.RegressionTest" time="0.018">
    <error message="Could not initialize class de.javakaffee.kryoserializers.UnmodifiableCollectionsSerializer" type="java.lang.NoClassDefFoundError">java.lang.NoClassDefFoundError: Could not initialize class de.javakaffee.kryoserializers.UnmodifiableCollectionsSerializer
	at org.jpmml.evaluator.kryo.KryoUtil.register(KryoUtil.java:45)
	at org.jpmml.evaluator.testing.IntegrationTestBatch.validateEvaluator(IntegrationTestBatch.java:144)
	at org.jpmml.evaluator.testing.IntegrationTestBatch.getEvaluator(IntegrationTestBatch.java:92)
	at org.jpmml.evaluator.testing.BatchUtil.evaluate(BatchUtil.java:49)
	at org.jpmml.evaluator.testing.BatchTest.evaluate(BatchTest.java:29)
	at org.jpmml.evaluator.testing.IntegrationTest.evaluate(IntegrationTest.java:64)
	at org.jpmml.evaluator.testing.IntegrationTest.evaluate(IntegrationTest.java:42)
	at org.jpmml.lightgbm.RegressionTest.evaluateAutoNALimit(RegressionTest.java:114)
	at java.base/jdk.internal.reflect.NativeMethodAccessorImpl.invoke0(Native Method)
	at java.base/jdk.internal.reflect.NativeMethodAccessorImpl.invoke(NativeMethodAccessorImpl.java:78)
	at java.base/jdk.internal.reflect.DelegatingMethodAccessorImpl.invoke(DelegatingMethodAccessorImpl.java:43)
	at java.base/java.lang.reflect.Method.invoke(Method.java:567)
	at org.junit.runners.model.FrameworkMethod$1.runReflectiveCall(FrameworkMethod.java:59)
	at org.junit.internal.runners.model.ReflectiveCallable.run(ReflectiveCallable.java:12)
	at org.junit.runners.model.FrameworkMethod.invokeExplosively(FrameworkMethod.java:56)
	at org.junit.internal.runners.statements.InvokeMethod.evaluate(InvokeMethod.java:17)
	at org.junit.runners.ParentRunner$3.evaluate(ParentRunner.java:306)
	at org.junit.runners.BlockJUnit4ClassRunner$1.evaluate(BlockJUnit4ClassRunner.java:100)
	at org.junit.runners.ParentRunner.runLeaf(ParentRunner.java:366)
	at org.junit.runners.BlockJUnit4ClassRunner.runChild(BlockJUnit4ClassRunner.java:103)
	at org.junit.runners.BlockJUnit4ClassRunner.runChild(BlockJUnit4ClassRunner.java:63)
	at org.junit.runners.ParentRunner$4.run(ParentRunner.java:331)
	at org.junit.runners.ParentRunner$1.schedule(ParentRunner.java:79)
	at org.junit.runners.ParentRunner.runChildren(ParentRunner.java:329)
	at org.junit.runners.ParentRunner.access$100(ParentRunner.java:66)
	at org.junit.runners.ParentRunner$2.evaluate(ParentRunner.java:293)
	at org.junit.runners.ParentRunner$3.evaluate(ParentRunner.java:306)
	at org.junit.runners.ParentRunner.run(ParentRunner.java:413)
	at org.apache.maven.surefire.junit4.JUnit4Provider.execute(JUnit4Provider.java:365)
	at org.apache.maven.surefire.junit4.JUnit4Provider.executeWithRerun(JUnit4Provider.java:273)
	at org.apache.maven.surefire.junit4.JUnit4Provider.executeTestSet(JUnit4Provider.java:238)
	at org.apache.maven.surefire.junit4.JUnit4Provider.invoke(JUnit4Provider.java:159)
	at org.apache.maven.surefire.booter.ForkedBooter.invokeProviderInSameClassLoader(ForkedBooter.java:384)
	at org.apache.maven.surefire.booter.ForkedBooter.runSuitesInProcess(ForkedBooter.java:345)
	at org.apache.maven.surefire.booter.ForkedBooter.execute(ForkedBooter.java:126)
	at org.apache.maven.surefire.booter.ForkedBooter.main(ForkedBooter.java:418)
</error>
  </testcase>
</testsuite>